C:\USERS\GEORGE\DOCUMENTS\C++\PINBALL\SFML\RELEASE\WORLD2D.OBJ
C:\USERS\GEORGE\DOCUMENTS\C++\PINBALL\SFML\RELEASE\UIMANAGER.OBJ
C:\USERS\GEORGE\DOCUMENTS\C++\PINBALL\SFML\RELEASE\SPRITEMANAGER.OBJ
C:\USERS\GEORGE\DOCUMENTS\C++\PINBALL\SFML\RELEASE\SPRING.OBJ
C:\USERS\GEORGE\DOCUMENTS\C++\PINBALL\SFML\RELEASE\ROTATIONMATRIX.OBJ
C:\USERS\GEORGE\DOCUMENTS\C++\PINBALL\SFML\RELEASE\POINTSCOLLIDER.OBJ
C:\USERS\GEORGE\DOCUMENTS\C++\PINBALL\SFML\RELEASE\PINBALLSCENE.OBJ
C:\USERS\GEORGE\DOCUMENTS\C++\PINBALL\SFML\RELEASE\PHYSICSSPRITE.OBJ
C:\USERS\GEORGE\DOCUMENTS\C++\PINBALL\SFML\RELEASE\PAUSESCREEN.OBJ
C:\USERS\GEORGE\DOCUMENTS\C++\PINBALL\SFML\RELEASE\PADDLE.OBJ
C:\USERS\GEORGE\DOCUMENTS\C++\PINBALL\SFML\RELEASE\ORIENTATEDBOX.OBJ
C:\USERS\GEORGE\DOCUMENTS\C++\PINBALL\SFML\RELEASE\MAIN.OBJ
C:\USERS\GEORGE\DOCUMENTS\C++\PINBALL\SFML\RELEASE\COLLISION2D.OBJ
C:\USERS\GEORGE\DOCUMENTS\C++\PINBALL\SFML\RELEASE\CIRCULARBUMPER.OBJ
C:\USERS\GEORGE\DOCUMENTS\C++\PINBALL\SFML\RELEASE\CC.OBJ
C:\USERS\GEORGE\DOCUMENTS\C++\PINBALL\SFML\RELEASE\BOX.OBJ
C:\USERS\GEORGE\DOCUMENTS\C++\PINBALL\SFML\RELEASE\BODY2D.OBJ
C:\USERS\GEORGE\DOCUMENTS\C++\PINBALL\SFML\RELEASE\BALL.OBJ
C:\USERS\GEORGE\DOCUMENTS\C++\PINBALL\SFML\RELEASE\ASTEROIDFIELD.OBJ
C:\USERS\GEORGE\DOCUMENTS\C++\PINBALL\SFML\RELEASE\ASTEROID.OBJ
C:\USERS\GEORGE\DOCUMENTS\C++\PINBALL\SFML\RELEASE\VC110.PDB
C:\USERS\GEORGE\DOCUMENTS\C++\PINBALL\SFML\RELEASE\PINBALL.EXE
C:\USERS\GEORGE\DOCUMENTS\C++\PINBALL\SFML\RELEASE\PINBALL.PDB
C:\Users\George\Documents\C++\Pinball\SFML\Release\Asteroid.obj
C:\Users\George\Documents\C++\Pinball\SFML\Release\AsteroidField.obj
C:\Users\George\Documents\C++\Pinball\SFML\Release\Ball.obj
C:\Users\George\Documents\C++\Pinball\SFML\Release\body2D.obj
C:\Users\George\Documents\C++\Pinball\SFML\Release\Box.obj
C:\Users\George\Documents\C++\Pinball\SFML\Release\CC.obj
C:\Users\George\Documents\C++\Pinball\SFML\Release\CircularBumper.obj
C:\Users\George\Documents\C++\Pinball\SFML\Release\collision2D.obj
C:\Users\George\Documents\C++\Pinball\SFML\Release\main.obj
C:\Users\George\Documents\C++\Pinball\SFML\Release\OrientatedBox.obj
C:\Users\George\Documents\C++\Pinball\SFML\Release\Paddle.obj
C:\Users\George\Documents\C++\Pinball\SFML\Release\PauseScreen.obj
C:\Users\George\Documents\C++\Pinball\SFML\Release\PhysicsSprite.obj
C:\Users\George\Documents\C++\Pinball\SFML\Release\PinballScene.obj
C:\Users\George\Documents\C++\Pinball\SFML\Release\PointsCollider.obj
C:\Users\George\Documents\C++\Pinball\SFML\Release\RotationMatrix.obj
C:\Users\George\Documents\C++\Pinball\SFML\Release\Spring.obj
C:\Users\George\Documents\C++\Pinball\SFML\Release\SpriteManager.obj
C:\Users\George\Documents\C++\Pinball\SFML\Release\UIManager.obj
C:\Users\George\Documents\C++\Pinball\SFML\Release\world2D.obj
C:\Users\George\Documents\C++\Pinball\SFML\Release\cl.command.1.tlog
C:\Users\George\Documents\C++\Pinball\SFML\Release\CL.read.1.tlog
C:\Users\George\Documents\C++\Pinball\SFML\Release\CL.write.1.tlog
C:\Users\George\Documents\C++\Pinball\SFML\Release\link-cvtres.read.1.tlog
C:\Users\George\Documents\C++\Pinball\SFML\Release\link-cvtres.write.1.tlog
C:\Users\George\Documents\C++\Pinball\SFML\Release\link-rc.read.1.tlog
C:\Users\George\Documents\C++\Pinball\SFML\Release\link-rc.write.1.tlog
C:\Users\George\Documents\C++\Pinball\SFML\Release\link.command.1.tlog
C:\Users\George\Documents\C++\Pinball\SFML\Release\link.read.1.tlog
C:\Users\George\Documents\C++\Pinball\SFML\Release\link.write.1.tlog
C:\Users\George\Documents\C++\Pinball\SFML\Release\Pinball.pdb
C:\Users\George\Documents\C++\Pinball\SFML\Release\vc110.pdb
C:\Users\George\Documents\C++\Pinball\SFML\Release\Pinball.exe
