Build started 05/03/2015 06:38:59.
     1>Project "C:\Users\George\Documents\C++\Pinball - Copy\SFML\SFMLTutorial.vcxproj" on node 2 (Build target(s)).
     1>Link:
         C:\Program Files (x86)\Microsoft Visual Studio 11.0\VC\bin\link.exe /ERRORREPORT:PROMPT /OUT:"C:\Users\George\Documents\C++\Pinball - Copy\SFML\Release\Pinball.exe" /NOLOGO User32.lib gdi32.lib winmm.lib "sfml-main.lib" "sfml-system-s.lib" opengl32.lib glu32.lib "sfml-graphics-s.lib" "sfml-window-s.lib" "sfml-audio-s.lib" kernel32.lib user32.lib gdi32.lib winspool.lib comdlg32.lib advapi32.lib shell32.lib ole32.lib oleaut32.lib uuid.lib odbc32.lib odbccp32.lib /MANIFEST /MANIFESTUAC:"level='asInvoker' uiAccess='false'" /manifest:embed /DEBUG /PDB:"C:\Users\George\Documents\C++\Pinball - Copy\SFML\Release\Pinball.pdb" /OPT:REF /OPT:ICF /LTCG /TLBID:1 /DYNAMICBASE /NXCOMPAT /IMPLIB:"C:\Users\George\Documents\C++\Pinball - Copy\SFML\Release\Pinball.lib" /MACHINE:X86 /SAFESEH Release\main.obj
     1>main.obj : error LNK2001: unresolved external symbol "__declspec(dllimport) public: void __thiscall sf::Window::display(void)" (__imp_?display@Window@sf@@QAEXXZ)
     1>main.obj : error LNK2001: unresolved external symbol "__declspec(dllimport) public: bool __thiscall sf::Window::setActive(bool)const " (__imp_?setActive@Window@sf@@QBE_N_N@Z)
     1>main.obj : error LNK2001: unresolved external symbol "__declspec(dllimport) public: bool __thiscall sf::Window::pollEvent(class sf::Event &)" (__imp_?pollEvent@Window@sf@@QAE_NAAVEvent@2@@Z)
     1>main.obj : error LNK2001: unresolved external symbol "__declspec(dllimport) public: bool __thiscall sf::Window::isOpen(void)const " (__imp_?isOpen@Window@sf@@QBE_NXZ)
     1>main.obj : error LNK2001: unresolved external symbol "__declspec(dllimport) public: void __thiscall sf::Window::close(void)" (__imp_?close@Window@sf@@QAEXXZ)
     1>main.obj : error LNK2001: unresolved external symbol "__declspec(dllimport) public: virtual __thiscall sf::Window::~Window(void)" (__imp_??1Window@sf@@UAE@XZ)
     1>main.obj : error LNK2001: unresolved external symbol "__declspec(dllimport) public: __thiscall sf::Window::Window(class sf::VideoMode,class sf::String const &,unsigned int,struct sf::ContextSettings const &)" (__imp_??0Window@sf@@QAE@VVideoMode@1@ABVString@1@IABUContextSettings@1@@Z)
     1>main.obj : error LNK2001: unresolved external symbol "__declspec(dllimport) public: __thiscall sf::String::String(char const *,class std::locale const &)" (__imp_??0String@sf@@QAE@PBDABVlocale@std@@@Z)
     1>main.obj : error LNK2001: unresolved external symbol "__declspec(dllimport) public: float __thiscall sf::Time::asSeconds(void)const " (__imp_?asSeconds@Time@sf@@QBEMXZ)
     1>main.obj : error LNK2001: unresolved external symbol "__declspec(dllimport) public: class sf::Time __thiscall sf::Clock::restart(void)" (__imp_?restart@Clock@sf@@QAE?AVTime@2@XZ)
     1>main.obj : error LNK2001: unresolved external symbol "__declspec(dllimport) public: class sf::Time __thiscall sf::Clock::getElapsedTime(void)const " (__imp_?getElapsedTime@Clock@sf@@QBE?AVTime@2@XZ)
     1>main.obj : error LNK2001: unresolved external symbol "__declspec(dllimport) public: __thiscall sf::Clock::Clock(void)" (__imp_??0Clock@sf@@QAE@XZ)
     1>main.obj : error LNK2001: unresolved external symbol "__declspec(dllimport) public: __thiscall sf::VideoMode::VideoMode(unsigned int,unsigned int,unsigned int)" (__imp_??0VideoMode@sf@@QAE@III@Z)
     1>main.obj : error LNK2001: unresolved external symbol "__declspec(dllimport) public: __thiscall sf::String::~String(void)" (__imp_??1String@sf@@QAE@XZ)
     1>C:\Users\George\Documents\C++\Pinball - Copy\SFML\Release\Pinball.exe : fatal error LNK1120: 14 unresolved externals
     1>Done Building Project "C:\Users\George\Documents\C++\Pinball - Copy\SFML\SFMLTutorial.vcxproj" (Build target(s)) -- FAILED.

Build FAILED.

Time Elapsed 00:00:00.38
